<?xml version="1.0" encoding="UTF-8"?>
<!-- Generated by org.testng.reporters.JUnitReportReporter -->
<testsuite hostname="NonOpsDev87" failures="0" tests="1" name="GTZTransportation.gtz.Load_Admin_SpotQuoteTest" time="13.035" errors="0" timestamp="2024-02-22T22:26:45 GMT+05:00" skipped="0">
  <testcase classname="GTZTransportation.gtz.Load_Admin_SpotQuoteTest" name="spotQuote_LoadServices_Admin_Tests" time="13.035"/>
  <system-out/>
</testsuite> <!-- GTZTransportation.gtz.Load_Admin_SpotQuoteTest -->
