<?xml version="1.0" encoding="UTF-8"?>
<!-- Generated by org.testng.reporters.JUnitReportReporter -->
<testsuite hostname="NonOpsDev87" failures="0" tests="1" name="GTZTransportation.gtz.VICS_VerifyBOLCreationTest" time="31.647" errors="0" timestamp="2024-02-22T22:26:45 GMT+05:00" skipped="0">
  <testcase classname="GTZTransportation.gtz.VICS_VerifyBOLCreationTest" name="VICS_BOLCreation_Tests" time="31.647"/>
  <system-out/>
</testsuite> <!-- GTZTransportation.gtz.VICS_VerifyBOLCreationTest -->
