<?xml version="1.0" encoding="UTF-8"?>
<!-- Generated by org.testng.reporters.JUnitReportReporter -->
<testsuite hostname="GTZAZRCTXCRA30" failures="0" tests="1" name="GTZTransportation.gtz.CreateQuickLoad_AwardTest" time="67.348" errors="0" timestamp="2023-04-14T19:12:57 GMT+05:00" skipped="0">
  <testcase classname="GTZTransportation.gtz.CreateQuickLoad_AwardTest" name="spotQuoteTest" time="67.348"/>
  <system-out/>
</testsuite> <!-- GTZTransportation.gtz.CreateQuickLoad_AwardTest -->
