<?xml version="1.0" encoding="UTF-8"?>
<!-- Generated by org.testng.reporters.JUnitReportReporter -->
<testsuite hostname="GTZAZRCTXCRA27" failures="0" tests="1" name="GTZTransportation.gtz.CreateQuickLoad_AwardTest" time="65.789" errors="0" timestamp="2023-05-01T16:51:05 GMT+05:00" skipped="0">
  <testcase classname="GTZTransportation.gtz.CreateQuickLoad_AwardTest" name="spotQuoteTest" time="65.789"/>
  <system-out/>
</testsuite> <!-- GTZTransportation.gtz.CreateQuickLoad_AwardTest -->
