<?xml version="1.0" encoding="UTF-8"?>
<!-- Generated by org.testng.reporters.JUnitReportReporter -->
<testsuite hostname="GTZAZRCTXCRA31" failures="0" tests="1" name="GTZTransportation.gtz.LoginTest" time="0.013" errors="0" timestamp="2023-04-03T16:32:29 GMT+05:00" skipped="0">
  <testcase classname="GTZTransportation.gtz.LoginTest" name="Verifytitle" time="0.013"/>
</testsuite> <!-- GTZTransportation.gtz.LoginTest -->
