<?xml version="1.0" encoding="UTF-8"?>
<!-- Generated by org.testng.reporters.JUnitReportReporter -->
<testsuite hostname="NonOpsDev87" failures="0" tests="1" name="GTZTransportation.gtz.VICS_VerifyCustomerTest" time="5.378" errors="0" timestamp="2024-02-22T22:26:45 GMT+05:00" skipped="0">
  <testcase classname="GTZTransportation.gtz.VICS_VerifyCustomerTest" name="VICS_CustomersList_Tests" time="5.378"/>
  <system-out/>
</testsuite> <!-- GTZTransportation.gtz.VICS_VerifyCustomerTest -->
